start time is  Fri Sep 23 16:02:32 CST 2022
"rndm>=0\&\& rndm<0.025" "rndm>=0.025\&\& rndm<0.05" "rndm>=0.05\&\& rndm<0.075" "rndm>=0.075\&\& rndm<0.1" "rndm>=0.1\&\& rndm<0.125" "rndm>=0.125\&\& rndm<0.15" "rndm>=0.15\&\& rndm<0.175" "rndm>=0.175\&\& rndm<0.2" "rndm>=0.2\&\& rndm<0.225" "rndm>=0.225\&\& rndm<0.25" "rndm>=0.25\&\& rndm<0.275" "rndm>=0.275\&\& rndm<0.3" "rndm>=0.3\&\& rndm<0.325" "rndm>=0.325\&\& rndm<0.35" "rndm>=0.35\&\& rndm<0.375" "rndm>=0.375\&\& rndm<0.4" "rndm>=0.4\&\& rndm<0.425" "rndm>=0.425\&\& rndm<0.45" "rndm>=0.45\&\& rndm<0.475" "rndm>=0.475\&\& rndm<0.5" "rndm>=0.5\&\& rndm<0.525" "rndm>=0.525\&\& rndm<0.55" "rndm>=0.55\&\& rndm<0.575" "rndm>=0.575\&\& rndm<0.6" "rndm>=0.6\&\& rndm<0.625" "rndm>=0.625\&\& rndm<0.65" "rndm>=0.65\&\& rndm<0.675" "rndm>=0.675\&\& rndm<0.7" "rndm>=0.7\&\& rndm<0.725" "rndm>=0.725\&\& rndm<0.75" "rndm>=0.75\&\& rndm<0.775" "rndm>=0.775\&\& rndm<0.8" "rndm>=0.8\&\& rndm<0.825" "rndm>=0.825\&\& rndm<0.85" "rndm>=0.85\&\& rndm<0.875" "rndm>=0.875\&\& rndm<0.9" "rndm>=0.9\&\& rndm<0.925" "rndm>=0.925\&\& rndm<0.95" "rndm>=0.95\&\& rndm<0.975" "rndm>=0.975\&\& rndm<1"
 10 10 10 6 1 1 1 0
 start check
---0----  1  Br: 0.534074 +/- 0.061014 ------ fit_io_0
---0----  1  Br: 0.528023 +/- 0.00671592 ------ fit_io_1
log.fit_io_2 0     
log.fit_io_2 0     
log.fit_io_2 0     
log.fit_io_2 0     
---0----  1  Br: 0.495887 +/- 0.0618874 ------ fit_io_3
log.fit_io_4 0     
log.fit_io_4 0     
log.fit_io_4 0     
log.fit_io_4 0     
---0----  1  Br: 0.456946 +/- 0.0590381 ------ fit_io_5
---0----  1  Br: 0.456987 +/- 0.0597001 ------ fit_io_6
---0----  1  Br: 0.412827 +/- 0.0550923 ------ fit_io_7
---0----  1  Br: 0.500221 +/- 0.0634458 ------ fit_io_8
log.fit_io_9 0     
log.fit_io_9 0     
log.fit_io_9 0     
log.fit_io_9 0     
____________________________________
 10 10 10 6 3 2 0
 start check
log.fit_io_20 0     
log.fit_io_20 0     
log.fit_io_20 0     
log.fit_io_20 0     
---0----  1  Br: 0.465361 +/- 0.0610978 ------ fit_io_21
---0----  1  Br: 0.472439 +/- 0.059286 ------ fit_io_22
---0----  1  Br: 0.487449 +/- 0.00359939 ------ fit_io_23
---0----  1  Br: 0.469491 +/- 0.0591266 ------ fit_io_24
---0----  1  Br: 0.540705 +/- 0.0197146 ------ fit_io_25
---0----  1  Br: 0.5778 +/- 0.0607039 ------ fit_io_26
---0----  1  Br: 0.506637 +/- 0.05976 ------ fit_io_27
---0----  1  Br: 0.437137 +/- 0.0583351 ------ fit_io_28
log.fit_io_29 0     
log.fit_io_29 0     
log.fit_io_29 0     
log.fit_io_29 0     
____________________________________
 0
 start check
____________________________________
end time is  Fri Sep 23 16:06:49 CST 2022
